\BOOKMARK [-1][-]{part.1}{I Individual Decision Making}{}% 1
\BOOKMARK [0][-]{chapter.1}{Utilities, Preferences and Choices}{part.1}% 2
\BOOKMARK [0][-]{chapter.2}{Fundamentals of Consumer Theory}{part.1}% 3
\BOOKMARK [0][-]{chapter.3}{Lagrange Maximization and Duality}{part.1}% 4
\BOOKMARK [0][-]{chapter.4}{Monotone Comparative Statics}{part.1}% 5
\BOOKMARK [0][-]{chapter.5}{Expected Utility and Decisionmaking under Uncertainty}{part.1}% 6
\BOOKMARK [0][-]{chapter.6}{Aggregation and the Existence of a Representative Consumer}{part.1}% 7
\BOOKMARK [0][-]{chapter.7}{Producer Theory}{part.1}% 8
\BOOKMARK [0][-]{chapter.8}{Stochastic Choice}{part.1}% 9
\BOOKMARK [-1][-]{part.2}{II Game Theory}{}% 10
\BOOKMARK [0][-]{chapter.9}{Nash Equilibrium and Bayesian Nash Equilibrium}{part.2}% 11
\BOOKMARK [0][-]{chapter.10}{Rationalizability and DOminant Strategies}{part.2}% 12
\BOOKMARK [0][-]{chapter.11}{Correlated Equilibrium}{part.2}% 13
\BOOKMARK [0][-]{chapter.12}{Dynamic Games and Refinements}{part.2}% 14
\BOOKMARK [0][-]{chapter.13}{Repeated Games/Folk Theorem}{part.2}% 15
\BOOKMARK [0][-]{chapter.14}{Recursive Methods in Repeated Games}{part.2}% 16
\BOOKMARK [-1][-]{part.3}{III Mechanism Design and Contract Theory}{}% 17
\BOOKMARK [0][-]{chapter.15}{Arrow's Theorem and Social Choice}{part.3}% 18
\BOOKMARK [0][-]{chapter.16}{Boundaries of the Firm and Coase's Theorem}{part.3}% 19
\BOOKMARK [0][-]{chapter.17}{Implementation Concepts}{part.3}% 20
\BOOKMARK [0][-]{chapter.18}{The Revelation Principle}{part.3}% 21
\BOOKMARK [0][-]{chapter.19}{Auctions and Optimal Auctions}{part.3}% 22
\BOOKMARK [0][-]{chapter.20}{Efficient Implementation}{part.3}% 23
\BOOKMARK [0][-]{chapter.21}{Moral Hazard}{part.3}% 24
\BOOKMARK [0][-]{chapter.22}{Full Implementation}{part.3}% 25
\BOOKMARK [0][-]{chapter.22}{Bibliography}{part.3}% 26
